e:\workspace\opencv_vs2013\opencv_algorithm\opencv_algorithm\debug\vc120.pdb
e:\workspace\opencv_vs2013\opencv_algorithm\opencv_algorithm\debug\vc120.idb
e:\workspace\opencv_vs2013\opencv_algorithm\opencv_algorithm\debug\fpga_imgsharp.obj
e:\workspace\opencv_vs2013\opencv_algorithm\opencv_algorithm\debug\fpga_rgb2gray.obj
e:\workspace\opencv_vs2013\opencv_algorithm\opencv_algorithm\debug\fpga_sift.obj
e:\workspace\opencv_vs2013\opencv_algorithm\opencv_algorithm\debug\get_extrpoint.obj
e:\workspace\opencv_vs2013\opencv_algorithm\opencv_algorithm\debug\get_hessian_3d.obj
e:\workspace\opencv_vs2013\opencv_algorithm\opencv_algorithm\debug\get_invmatrix.obj
e:\workspace\opencv_vs2013\opencv_algorithm\opencv_algorithm\debug\remove_edgebyhessian.obj
e:\workspace\opencv_vs2013\opencv_algorithm\opencv_algorithm\debug\get_gaus_kernel.obj
e:\workspace\opencv_vs2013\opencv_algorithm\opencv_algorithm\debug\img_compare.obj
e:\workspace\opencv_vs2013\opencv_algorithm\opencv_algorithm\debug\fpga_gaus.obj
e:\workspace\opencv_vs2013\opencv_algorithm\opencv_algorithm\debug\opencv_dispmutpic.obj
e:\workspace\opencv_vs2013\opencv_algorithm\opencv_algorithm\debug\opencv_laplacian.obj
e:\workspace\opencv_vs2013\opencv_algorithm\opencv_algorithm\debug\opencv_module.obj
e:\workspace\opencv_vs2013\opencv_algorithm\opencv_algorithm\debug\fpga_sobel.obj
e:\workspace\opencv_vs2013\opencv_algorithm\opencv_algorithm\debug\opencv_sift.obj
e:\workspace\opencv_vs2013\opencv_algorithm\opencv_algorithm\debug\opencv_sobel.obj
e:\workspace\opencv_vs2013\opencv_algorithm\opencv_algorithm\debug\opencv_sobel_sharp.obj
e:\workspace\opencv_vs2013\opencv_algorithm\opencv_algorithm\debug\unsharpmasking.obj
e:\workspace\opencv_vs2013\opencv_algorithm\opencv_algorithm\debug\file_read.obj
e:\workspace\opencv_vs2013\opencv_algorithm\opencv_algorithm\debug\fpga_canny.obj
e:\workspace\opencv_vs2013\opencv_algorithm\opencv_algorithm\debug\fpga_dft.obj
e:\workspace\opencv_vs2013\opencv_algorithm\opencv_algorithm\debug\fpga_gamma.obj
e:\workspace\opencv_vs2013\opencv_algorithm\opencv_algorithm\debug\fpga_hist.obj
e:\workspace\opencv_vs2013\opencv_algorithm\opencv_algorithm\debug\fpga_module.obj
e:\workspace\opencv_vs2013\opencv_algorithm\opencv_algorithm\debug\sift.obj
e:\workspace\opencv_vs2013\opencv_algorithm\opencv_algorithm\debug\main.obj
e:\workspace\opencv_vs2013\opencv_algorithm\opencv_algorithm\debug\imgfeatures.obj
e:\workspace\opencv_vs2013\opencv_algorithm\opencv_algorithm\debug\kdtree.obj
e:\workspace\opencv_vs2013\opencv_algorithm\opencv_algorithm\debug\match.obj
e:\workspace\opencv_vs2013\opencv_algorithm\opencv_algorithm\debug\minpq.obj
e:\workspace\opencv_vs2013\opencv_algorithm\opencv_algorithm\debug\siftfeat.obj
e:\workspace\opencv_vs2013\opencv_algorithm\opencv_algorithm\debug\utils.obj
e:\workspace\opencv_vs2013\opencv_algorithm\opencv_algorithm\debug\xform.obj
e:\workspace\opencv_vs2013\opencv_algorithm\opencv_algorithm\debug\sift_c.obj
e:\workspace\opencv_vs2013\opencv_algorithm\debug\opencv_algorithm.ilk
e:\workspace\opencv_vs2013\opencv_algorithm\debug\opencv_algorithm.exe
e:\workspace\opencv_vs2013\opencv_algorithm\debug\opencv_algorithm.pdb
e:\workspace\opencv_vs2013\opencv_algorithm\opencv_algorithm\debug\opencv_algorithm.tlog\cl.command.1.tlog
e:\workspace\opencv_vs2013\opencv_algorithm\opencv_algorithm\debug\opencv_algorithm.tlog\cl.read.1.tlog
e:\workspace\opencv_vs2013\opencv_algorithm\opencv_algorithm\debug\opencv_algorithm.tlog\cl.write.1.tlog
e:\workspace\opencv_vs2013\opencv_algorithm\opencv_algorithm\debug\opencv_algorithm.tlog\link.command.1.tlog
e:\workspace\opencv_vs2013\opencv_algorithm\opencv_algorithm\debug\opencv_algorithm.tlog\link.read.1.tlog
e:\workspace\opencv_vs2013\opencv_algorithm\opencv_algorithm\debug\opencv_algorithm.tlog\link.write.1.tlog
